<?xml version="1.0" encoding="UTF-8"?>
<testsuite name="com.accelaero.aeroinventory.scheduler.AeroInventoryTaskApplicationTests" tests="1" skipped="0" failures="0" errors="0" timestamp="2019-03-28T10:38:02" hostname="rikaz" time="0.163">
  <properties/>
  <testcase name="contextLoads" classname="com.accelaero.aeroinventory.scheduler.AeroInventoryTaskApplicationTests" time="0.163"/>
  <system-out><![CDATA[16:07:59.653 [Test worker] DEBUG org.springframework.test.context.junit4.SpringJUnit4ClassRunner - SpringJUnit4ClassRunner constructor called with [class com.accelaero.aeroinventory.scheduler.AeroInventoryTaskApplicationTests]
16:07:59.658 [Test worker] DEBUG org.springframework.test.context.BootstrapUtils - Instantiating CacheAwareContextLoaderDelegate from class [org.springframework.test.context.cache.DefaultCacheAwareContextLoaderDelegate]
16:07:59.664 [Test worker] DEBUG org.springframework.test.context.BootstrapUtils - Instantiating BootstrapContext using constructor [public org.springframework.test.context.support.DefaultBootstrapContext(java.lang.Class,org.springframework.test.context.CacheAwareContextLoaderDelegate)]
16:07:59.679 [Test worker] DEBUG org.springframework.test.context.BootstrapUtils - Instantiating TestContextBootstrapper for test class [com.accelaero.aeroinventory.scheduler.AeroInventoryTaskApplicationTests] from class [org.springframework.boot.test.context.SpringBootTestContextBootstrapper]
16:07:59.688 [Test worker] INFO org.springframework.boot.test.context.SpringBootTestContextBootstrapper - Neither @ContextConfiguration nor @ContextHierarchy found for test class [com.accelaero.aeroinventory.scheduler.AeroInventoryTaskApplicationTests], using SpringBootContextLoader
16:07:59.690 [Test worker] DEBUG org.springframework.test.context.support.AbstractContextLoader - Did not detect default resource location for test class [com.accelaero.aeroinventory.scheduler.AeroInventoryTaskApplicationTests]: class path resource [com/accelaero/aeroinventory/scheduler/AeroInventoryTaskApplicationTests-context.xml] does not exist
16:07:59.691 [Test worker] DEBUG org.springframework.test.context.support.AbstractContextLoader - Did not detect default resource location for test class [com.accelaero.aeroinventory.scheduler.AeroInventoryTaskApplicationTests]: class path resource [com/accelaero/aeroinventory/scheduler/AeroInventoryTaskApplicationTestsContext.groovy] does not exist
16:07:59.691 [Test worker] INFO org.springframework.test.context.support.AbstractContextLoader - Could not detect default resource locations for test class [com.accelaero.aeroinventory.scheduler.AeroInventoryTaskApplicationTests]: no resource found for suffixes {-context.xml, Context.groovy}.
16:07:59.691 [Test worker] INFO org.springframework.test.context.support.AnnotationConfigContextLoaderUtils - Could not detect default configuration classes for test class [com.accelaero.aeroinventory.scheduler.AeroInventoryTaskApplicationTests]: AeroInventoryTaskApplicationTests does not declare any static, non-private, non-final, nested classes annotated with @Configuration.
16:07:59.718 [Test worker] DEBUG org.springframework.test.context.support.ActiveProfilesUtils - Could not find an 'annotation declaring class' for annotation type [org.springframework.test.context.ActiveProfiles] and class [com.accelaero.aeroinventory.scheduler.AeroInventoryTaskApplicationTests]
16:07:59.769 [Test worker] DEBUG org.springframework.context.annotation.ClassPathScanningCandidateComponentProvider - Identified candidate component class: file [/home/mrikaz/IdeaProjects/spring-boot-quartz-scheduler/build/classes/java/main/com/accelaero/aeroinventory/scheduler/AeroInventoryTaskApplication.class]
16:07:59.770 [Test worker] INFO org.springframework.boot.test.context.SpringBootTestContextBootstrapper - Found @SpringBootConfiguration com.accelaero.aeroinventory.scheduler.AeroInventoryTaskApplication for test class com.accelaero.aeroinventory.scheduler.AeroInventoryTaskApplicationTests
16:07:59.839 [Test worker] DEBUG org.springframework.boot.test.context.SpringBootTestContextBootstrapper - @TestExecutionListeners is not present for class [com.accelaero.aeroinventory.scheduler.AeroInventoryTaskApplicationTests]: using defaults.
16:07:59.839 [Test worker] INFO org.springframework.boot.test.context.SpringBootTestContextBootstrapper - Loaded default TestExecutionListener class names from location [META-INF/spring.factories]: [org.springframework.boot.test.autoconfigure.restdocs.RestDocsTestExecutionListener, org.springframework.boot.test.autoconfigure.web.client.MockRestServiceServerResetTestExecutionListener, org.springframework.boot.test.autoconfigure.web.servlet.MockMvcPrintOnlyOnFailureTestExecutionListener, org.springframework.boot.test.autoconfigure.web.servlet.WebDriverTestExecutionListener, org.springframework.boot.test.mock.mockito.MockitoTestExecutionListener, org.springframework.boot.test.mock.mockito.ResetMocksTestExecutionListener, org.springframework.test.context.web.ServletTestExecutionListener, org.springframework.test.context.support.DirtiesContextBeforeModesTestExecutionListener, org.springframework.test.context.support.DependencyInjectionTestExecutionListener, org.springframework.test.context.support.DirtiesContextTestExecutionListener, org.springframework.test.context.transaction.TransactionalTestExecutionListener, org.springframework.test.context.jdbc.SqlScriptsTestExecutionListener]
16:07:59.856 [Test worker] INFO org.springframework.boot.test.context.SpringBootTestContextBootstrapper - Using TestExecutionListeners: [org.springframework.test.context.web.ServletTestExecutionListener@2f223516, org.springframework.test.context.support.DirtiesContextBeforeModesTestExecutionListener@2475f21f, org.springframework.boot.test.mock.mockito.MockitoTestExecutionListener@c77acd5, org.springframework.boot.test.autoconfigure.SpringBootDependencyInjectionTestExecutionListener@7ca0ffa1, org.springframework.test.context.support.DirtiesContextTestExecutionListener@4294efa6, org.springframework.test.context.transaction.TransactionalTestExecutionListener@49fa08e1, org.springframework.test.context.jdbc.SqlScriptsTestExecutionListener@78da040f, org.springframework.boot.test.autoconfigure.restdocs.RestDocsTestExecutionListener@37cb142, org.springframework.boot.test.autoconfigure.web.client.MockRestServiceServerResetTestExecutionListener@66708754, org.springframework.boot.test.autoconfigure.web.servlet.MockMvcPrintOnlyOnFailureTestExecutionListener@7fd4267b, org.springframework.boot.test.autoconfigure.web.servlet.WebDriverTestExecutionListener@5706bff2, org.springframework.boot.test.mock.mockito.ResetMocksTestExecutionListener@3116f2f1]
16:07:59.858 [Test worker] DEBUG org.springframework.test.annotation.ProfileValueUtils - Retrieved @ProfileValueSourceConfiguration [null] for test class [com.accelaero.aeroinventory.scheduler.AeroInventoryTaskApplicationTests]
16:07:59.858 [Test worker] DEBUG org.springframework.test.annotation.ProfileValueUtils - Retrieved ProfileValueSource type [class org.springframework.test.annotation.SystemProfileValueSource] for class [com.accelaero.aeroinventory.scheduler.AeroInventoryTaskApplicationTests]
16:07:59.858 [Test worker] DEBUG org.springframework.test.annotation.ProfileValueUtils - Retrieved @ProfileValueSourceConfiguration [null] for test class [com.accelaero.aeroinventory.scheduler.AeroInventoryTaskApplicationTests]
16:07:59.859 [Test worker] DEBUG org.springframework.test.annotation.ProfileValueUtils - Retrieved ProfileValueSource type [class org.springframework.test.annotation.SystemProfileValueSource] for class [com.accelaero.aeroinventory.scheduler.AeroInventoryTaskApplicationTests]
16:07:59.862 [Test worker] DEBUG org.springframework.test.context.support.AbstractDirtiesContextTestExecutionListener - Before test class: context [DefaultTestContext@1de9b7b6 testClass = AeroInventoryTaskApplicationTests, testInstance = [null], testMethod = [null], testException = [null], mergedContextConfiguration = [WebMergedContextConfiguration@68bb364e testClass = AeroInventoryTaskApplicationTests, locations = '{}', classes = '{class com.accelaero.aeroinventory.scheduler.AeroInventoryTaskApplication}', contextInitializerClasses = '[]', activeProfiles = '{}', propertySourceLocations = '{}', propertySourceProperties = '{org.springframework.boot.test.context.SpringBootTestContextBootstrapper=true}', contextCustomizers = set[org.springframework.boot.test.autoconfigure.properties.PropertyMappingContextCustomizer@0, org.springframework.boot.test.autoconfigure.web.servlet.WebDriverContextCustomizerFactory$Customizer@43b10c9c, org.springframework.boot.test.context.filter.ExcludeFilterContextCustomizer@2978a3a4, org.springframework.boot.test.json.DuplicateJsonObjectContextCustomizerFactory$DuplicateJsonObjectContextCustomizer@61c6b39c, org.springframework.boot.test.mock.mockito.MockitoContextCustomizer@0, org.springframework.boot.test.web.client.TestRestTemplateContextCustomizer@43f3bcf3], resourceBasePath = 'src/main/webapp', contextLoader = 'org.springframework.boot.test.context.SpringBootContextLoader', parent = [null]], attributes = map['org.springframework.test.context.web.ServletTestExecutionListener.activateListener' -> true]], class annotated with @DirtiesContext [false] with mode [null].
16:07:59.863 [Test worker] DEBUG org.springframework.test.annotation.ProfileValueUtils - Retrieved @ProfileValueSourceConfiguration [null] for test class [com.accelaero.aeroinventory.scheduler.AeroInventoryTaskApplicationTests]
16:07:59.863 [Test worker] DEBUG org.springframework.test.annotation.ProfileValueUtils - Retrieved ProfileValueSource type [class org.springframework.test.annotation.SystemProfileValueSource] for class [com.accelaero.aeroinventory.scheduler.AeroInventoryTaskApplicationTests]
16:07:59.878 [Test worker] DEBUG org.springframework.test.context.support.TestPropertySourceUtils - Adding inlined properties to environment: {spring.jmx.enabled=false, org.springframework.boot.test.context.SpringBootTestContextBootstrapper=true, server.port=-1}

  .   ____          _            __ _ _
 /\\ / ___'_ __ _ _(_)_ __  __ _ \ \ \ \
( ( )\___ | '_ | '_| | '_ \/ _` | \ \ \ \
 \\/  ___)| |_)| | | | | || (_| |  ) ) ) )
  '  |____| .__|_| |_|_| |_\__, | / / / /
 =========|_|==============|___/=/_/_/_/
 :: Spring Boot ::        (v2.1.2.RELEASE)

2019-03-28 16:08:00.071  INFO 4647 --- [    Test worker] .a.a.s.AeroInventoryTaskApplicationTests : Starting AeroInventoryTaskApplicationTests on rikaz with PID 4647 (started by mrikaz in /home/mrikaz/IdeaProjects/spring-boot-quartz-scheduler)
2019-03-28 16:08:00.073  INFO 4647 --- [    Test worker] .a.a.s.AeroInventoryTaskApplicationTests : No active profile set, falling back to default profiles: default
2019-03-28 16:08:01.385  INFO 4647 --- [    Test worker] org.quartz.impl.StdSchedulerFactory      : Using default implementation for ThreadExecutor
2019-03-28 16:08:01.404  INFO 4647 --- [    Test worker] org.quartz.core.SchedulerSignalerImpl    : Initialized Scheduler Signaller of type: class org.quartz.core.SchedulerSignalerImpl
2019-03-28 16:08:01.405  INFO 4647 --- [    Test worker] org.quartz.core.QuartzScheduler          : Quartz Scheduler v.2.3.0 created.
2019-03-28 16:08:01.408  INFO 4647 --- [    Test worker] o.s.s.quartz.LocalDataSourceJobStore     : Using db table-based data access locking (synchronization).
2019-03-28 16:08:01.410  INFO 4647 --- [    Test worker] o.s.s.quartz.LocalDataSourceJobStore     : JobStoreCMT initialized.
2019-03-28 16:08:01.411  INFO 4647 --- [    Test worker] org.quartz.core.QuartzScheduler          : Scheduler meta-data: Quartz Scheduler (v2.3.0) 'scheduler' with instanceId 'NON_CLUSTERED'
  Scheduler class: 'org.quartz.core.QuartzScheduler' - running locally.
  NOT STARTED.
  Currently in standby mode.
  Number of jobs executed: 0
  Using thread pool 'org.quartz.simpl.SimpleThreadPool' - with 10 threads.
  Using job-store 'org.springframework.scheduling.quartz.LocalDataSourceJobStore' - which supports persistence. and is not clustered.

2019-03-28 16:08:01.411  INFO 4647 --- [    Test worker] org.quartz.impl.StdSchedulerFactory      : Quartz scheduler 'scheduler' initialized from an externally provided properties instance.
2019-03-28 16:08:01.411  INFO 4647 --- [    Test worker] org.quartz.impl.StdSchedulerFactory      : Quartz scheduler version: 2.3.0
2019-03-28 16:08:01.412  INFO 4647 --- [    Test worker] org.quartz.core.QuartzScheduler          : JobFactory set to: org.springframework.scheduling.quartz.AdaptableJobFactory@74b8cf90
2019-03-28 16:08:01.590  INFO 4647 --- [    Test worker] c.a.a.s.g.c.AeroInventoryGrpcConsumer    : Inside SampleGrpcClient init ::: 
2019-03-28 16:08:02.052  INFO 4647 --- [    Test worker] o.s.s.concurrent.ThreadPoolTaskExecutor  : Initializing ExecutorService 'applicationTaskExecutor'
2019-03-28 16:08:02.434  INFO 4647 --- [    Test worker] o.s.s.quartz.SchedulerFactoryBean        : Starting Quartz Scheduler now
2019-03-28 16:08:02.437  INFO 4647 --- [    Test worker] o.s.s.quartz.LocalDataSourceJobStore     : Freed 0 triggers from 'acquired' / 'blocked' state.
2019-03-28 16:08:02.441  INFO 4647 --- [    Test worker] o.s.s.quartz.LocalDataSourceJobStore     : Recovering 0 jobs that were in-progress at the time of the last shut-down.
2019-03-28 16:08:02.441  INFO 4647 --- [    Test worker] o.s.s.quartz.LocalDataSourceJobStore     : Recovery complete.
2019-03-28 16:08:02.443  INFO 4647 --- [    Test worker] o.s.s.quartz.LocalDataSourceJobStore     : Removed 0 'complete' triggers.
2019-03-28 16:08:02.443  INFO 4647 --- [    Test worker] o.s.s.quartz.LocalDataSourceJobStore     : Removed 0 stale fired job entries.
2019-03-28 16:08:02.457  INFO 4647 --- [    Test worker] org.quartz.core.QuartzScheduler          : Scheduler scheduler_$_NON_CLUSTERED started.
2019-03-28 16:08:02.476  INFO 4647 --- [    Test worker] .a.a.s.AeroInventoryTaskApplicationTests : Started AeroInventoryTaskApplicationTests in 2.592 seconds (JVM running for 3.232)
2019-03-28 16:08:02.477  INFO 4647 --- [    Test worker] o.l.springboot.grpc.GRpcServerRunner     : Starting gRPC Server ...
2019-03-28 16:08:02.503  INFO 4647 --- [eduler_Worker-1] c.a.a.s.job.SimpleScheduleCronJob        : Executing SimpleScheduleCronJob with key SampleGroup.MahindaPa
2019-03-28 16:08:02.505  INFO 4647 --- [eduler_Worker-1] c.a.a.s.job.SimpleScheduleCronJob        : KEY: myKey    VALUE: myValue
2019-03-28 16:08:02.505  INFO 4647 --- [eduler_Worker-1] c.a.a.s.job.SimpleScheduleCronJob        : Calling from SimpleScheduleCronJob
2019-03-28 16:08:02.506  INFO 4647 --- [eduler_Worker-1] c.a.a.s.g.c.AeroInventoryGrpcConsumer    : Inside SampleGrpcClient init ::: 
2019-03-28 16:08:02.509  INFO 4647 --- [    Test worker] o.l.springboot.grpc.GRpcServerRunner     : 'com.accelaero.aeroinventory.scheduler.rpc.service.TaskServiceGrpcImpl' service has been registered.
2019-03-28 16:08:02.531  INFO 4647 --- [eduler_Worker-2] c.a.a.scheduler.job.SampleFirstJob       : Executing SampleFirstJob 
2019-03-28 16:08:02.532  INFO 4647 --- [eduler_Worker-2] c.a.a.scheduler.job.SampleFirstJob       : 28-Mar-2019 16:08:02 :: SampleFirstJob :: 
2019-03-28 16:08:02.532  INFO 4647 --- [eduler_Worker-2] c.a.a.scheduler.job.SampleFirstJob       : Exit SampleFirstJob with key DEFAULT.SampleJob
2019-03-28 16:08:02.623  INFO 4647 --- [    Test worker] o.l.springboot.grpc.GRpcServerRunner     : gRPC Server started, listening on port 8680.
2019-03-28 16:08:02.768  INFO 4647 --- [eduler_Worker-1] c.a.a.s.g.c.AeroInventoryGrpcConsumer    : Returned ChargeQuoteResponse :: 160
]]></system-out>
  <system-err><![CDATA[]]></system-err>
</testsuite>
